<?xml version="1.0" encoding="UTF-8"?>
<!-- Generated by org.testng.reporters.JUnitReportReporter -->
<testsuite skipped="0" hostname="DESKTOP-A6TBU7J" name="testngpack.ParallelBrowserExecution" tests="2" failures="0" timestamp="2022-08-24T11:11:31 IST" time="43.663" errors="0">
  <testcase name="openFirefox" time="31.747" classname="testngpack.ParallelBrowserExecution"/>
  <system-out/>
  <testcase name="openChromeBrowser" time="11.916" classname="testngpack.ParallelBrowserExecution"/>
  <system-out/>
</testsuite> <!-- testngpack.ParallelBrowserExecution -->
