<?xml version="1.0" encoding="UTF-8"?>
<!-- Generated by org.testng.reporters.JUnitReportReporter -->
<testsuite skipped="1" hostname="DESKTOP-A6TBU7J" name="testngpack.Flag2" tests="2" failures="0" timestamp="2022-08-20T13:49:04 IST" time="0.012" errors="0">
  <testcase name="b" time="0.012" classname="testngpack.Flag2"/>
  <system-out/>
  <testcase name="a" classname="testngpack.Flag2">
    <skipped/>
  </testcase> <!-- a -->
  <system-out/>
</testsuite> <!-- testngpack.Flag2 -->
