<?xml version="1.0" encoding="UTF-8"?>
<!-- Generated by org.testng.reporters.JUnitReportReporter -->
<testsuite skipped="0" hostname="DESKTOP-A6TBU7J" name="testngpack.AnnotationsMethods1" tests="2" failures="0" timestamp="2022-08-24T20:35:52 IST" time="0.007" errors="0">
  <testcase name="test2" time="0.002" classname="testngpack.AnnotationsMethods1"/>
  <system-out>
    <![CDATA[inside method test2]]>
  </system-out>
  <testcase name="test1" time="0.005" classname="testngpack.AnnotationsMethods1"/>
  <system-out>
    <![CDATA[inside method test1]]>
  </system-out>
</testsuite> <!-- testngpack.AnnotationsMethods1 -->
