<?xml version="1.0" encoding="UTF-8"?>
<!-- Generated by org.testng.reporters.JUnitReportReporter -->
<testsuite skipped="0" hostname="DESKTOP-A6TBU7J" name="testngpack.ActitimeAssertion" tests="1" failures="0" timestamp="2022-08-24T20:23:44 IST" time="15.039" errors="0">
  <testcase name="actiTimeAssertion" time="15.039" classname="testngpack.ActitimeAssertion"/>
  <system-out>
    <![CDATA[verify the title of webpage
verify the title of webpage is verified
--------------------------------
verify the username textbox is display
verified and displayed the username textbox
--------------------------------
 verify the password textbox is display
verified and password textbox is displayedddd
--------------------------------
verify the login button is diplay 
verified the login button is displayed
--------------------------------]]>
  </system-out>
</testsuite> <!-- testngpack.ActitimeAssertion -->
