<?xml version="1.0" encoding="UTF-8"?>
<!-- Generated by org.testng.reporters.JUnitReportReporter -->
<testsuite skipped="0" hostname="DESKTOP-A6TBU7J" name="testngpack.TestMethod1" tests="2" failures="0" timestamp="2022-08-24T11:05:18 IST" time="0.030" errors="0">
  <testcase name="method2" time="0.015" classname="testngpack.TestMethod1"/>
  <system-out>
    <![CDATA[method 2    ---14]]>
  </system-out>
  <testcase name="method1" time="0.015" classname="testngpack.TestMethod1"/>
  <system-out>
    <![CDATA[method 1    --- 13]]>
  </system-out>
</testsuite> <!-- testngpack.TestMethod1 -->
