<?xml version="1.0" encoding="UTF-8"?>
<!-- Generated by org.testng.reporters.JUnitReportReporter -->
<testsuite skipped="0" hostname="DESKTOP-A6TBU7J" name="testngpack.Flag1" tests="1" failures="0" timestamp="2022-08-20T13:39:55 IST" time="0.020" errors="0">
  <testcase name="m1" time="0.020" classname="testngpack.Flag1"/>
  <system-out>
    <![CDATA[inside method m1]]>
  </system-out>
</testsuite> <!-- testngpack.Flag1 -->
