<?xml version="1.0" encoding="UTF-8"?>
<!-- Generated by org.testng.reporters.JUnitReportReporter -->
<testsuite skipped="0" hostname="DESKTOP-A6TBU7J" name="testngpack.Demo" tests="1" failures="0" timestamp="2022-08-17T16:01:34 IST" time="0.013" errors="0">
  <testcase name="a" time="0.013" classname="testngpack.Demo"/>
  <system-out>
    <![CDATA[HI Aniket]]>
  </system-out>
</testsuite> <!-- testngpack.Demo -->
