<?xml version="1.0" encoding="UTF-8"?>
<!-- Generated by org.testng.reporters.JUnitReportReporter -->
<testsuite skipped="0" hostname="DESKTOP-A6TBU7J" name="testngpack.ActiTimenewAssertion1" tests="1" failures="0" timestamp="2022-08-25T15:37:52 IST" time="6.656" errors="0">
  <testcase name="f" time="6.656" classname="testngpack.ActiTimenewAssertion1"/>
  <system-out>
    <![CDATA[verify the username textbox displays or not
 username textbox is Displayed 
verify the password text box display with hard Assert
 password text box displayed]]>
  </system-out>
</testsuite> <!-- testngpack.ActiTimenewAssertion1 -->
