<?xml version="1.0" encoding="UTF-8"?>
<!-- Generated by org.testng.reporters.JUnitReportReporter -->
<testsuite skipped="1" hostname="DESKTOP-A6TBU7J" name="testngpack.Methods" tests="9" failures="0" timestamp="2022-08-21T19:52:14 IST" time="0.046" errors="0">
  <testcase name="m" time="0.031" classname="testngpack.Methods"/>
  <system-out>
    <![CDATA[method m]]>
  </system-out>
  <testcase name="v" time="0.000" classname="testngpack.Methods"/>
  <system-out>
    <![CDATA[method v]]>
  </system-out>
  <testcase name="g" time="0.002" classname="testngpack.Methods"/>
  <system-out>
    <![CDATA[method g]]>
  </system-out>
  <testcase name="s" time="0.001" classname="testngpack.Methods"/>
  <system-out>
    <![CDATA[method s]]>
  </system-out>
  <testcase name="f" time="0.003" classname="testngpack.Methods"/>
  <system-out>
    <![CDATA[method f]]>
  </system-out>
  <testcase name="x" time="0.001" classname="testngpack.Methods"/>
  <system-out>
    <![CDATA[method x]]>
  </system-out>
  <testcase name="z" time="0.001" classname="testngpack.Methods"/>
  <system-out>
    <![CDATA[method z]]>
  </system-out>
  <testcase name="d" time="0.007" classname="testngpack.Methods"/>
  <system-out>
    <![CDATA[method d]]>
  </system-out>
  <testcase name="n" classname="testngpack.Methods">
    <skipped/>
  </testcase> <!-- n -->
  <system-out/>
</testsuite> <!-- testngpack.Methods -->
