<?xml version="1.0" encoding="UTF-8"?>
<!-- Generated by org.testng.reporters.JUnitReportReporter -->
<testsuite skipped="0" hostname="DESKTOP-A6TBU7J" name="testngpack.Flag3" tests="3" failures="0" timestamp="2022-08-21T15:42:54 IST" time="0.090" errors="0">
  <testcase name="m" time="0.042" classname="testngpack.Flag3"/>
  <system-out>
    <![CDATA[method m]]>
  </system-out>
  <testcase name="f" time="0.018" classname="testngpack.Flag3"/>
  <system-out>
    <![CDATA[method f]]>
  </system-out>
  <testcase name="s" time="0.030" classname="testngpack.Flag3"/>
  <system-out>
    <![CDATA[method s]]>
  </system-out>
</testsuite> <!-- testngpack.Flag3 -->
